<?xml version="1.0" encoding="UTF-8"?>
<!-- Generated by org.testng.reporters.JUnitReportReporter -->
<testsuite hostname="LAPTOP-R9NE84EN" failures="0" tests="3" name="neoStoxMVNTextClass1.ValidateNeoStoxUserNameByDataProvider" time="77.265" errors="0" timestamp="2023-01-14T13:58:40 IST" skipped="0">
  <testcase classname="neoStoxMVNTextClass1.ValidateNeoStoxUserNameByDataProvider" name="validateUserName" time="24.144"/>
  <system-out>
    <![CDATA[clicking on signin button
waiting for 1000ms
Entering mobile number
Clicking on sign in button
waiting for 1000ms
entering password
clicking on submit button
waiting for 1000ms
scrolling into view to OK
clicking on PopUp OK button
scrolling into view to 
getting actual user Name
Actual user name is --> Hi Pooja Talekar
taking screenshot 
screenShot taken and saved at E:\screenshot\Hi Pooja Talekarlj.png
Logging out from neoStox
tcvalidateUserName passed]]>
  </system-out>
  <testcase classname="neoStoxMVNTextClass1.ValidateNeoStoxUserNameByDataProvider" name="validateUserName" time="26.493"/>
  <system-out>
    <![CDATA[clicking on signin button
waiting for 1000ms
Entering mobile number
Clicking on sign in button
waiting for 1000ms
entering password
clicking on submit button
waiting for 1000ms
scrolling into view to OK
clicking on PopUp OK button
scrolling into view to 
getting actual user Name
Actual user name is --> Hi mandar telage
taking screenshot 
screenShot taken and saved at E:\screenshot\Hi mandar telagedw.png
Logging out from neoStox
tcvalidateUserName passed]]>
  </system-out>
  <testcase classname="neoStoxMVNTextClass1.ValidateNeoStoxUserNameByDataProvider" name="validateUserName" time="26.628"/>
  <system-out>
    <![CDATA[clicking on signin button
waiting for 1000ms
Entering mobile number
Clicking on sign in button
waiting for 1000ms
entering password
clicking on submit button
waiting for 1000ms
scrolling into view to OK
clicking on PopUp OK button
scrolling into view to 
getting actual user Name
Actual user name is --> Hi Ankush More
taking screenshot 
screenShot taken and saved at E:\screenshot\Hi Ankush MoreBN.png
Logging out from neoStox
tcvalidateUserName passed]]>
  </system-out>
</testsuite> <!-- neoStoxMVNTextClass1.ValidateNeoStoxUserNameByDataProvider -->
