<?xml version="1.0" encoding="UTF-8"?>
<!-- Generated by org.testng.reporters.JUnitReportReporter -->
<testsuite hostname="LAPTOP-R9NE84EN" failures="0" tests="1" name="neoStoxMVNTextClass1.ValidateNeoStoxUserNamePropertyFile" time="15.184" errors="0" timestamp="2023-01-14T13:45:29 IST" skipped="0">
  <testcase classname="neoStoxMVNTextClass1.ValidateNeoStoxUserNamePropertyFile" name="validateUserName" time="15.184"/>
  <system-out>
    <![CDATA[getting actual user Name
Actual user name is --> Hi mandar telage
read data form property file
deta is Hi mandar telage
read data form property file
deta is maddr-123
taking screenshot 
screenShot taken and saved at E:\screenshot\maddr-123cm.png]]>
  </system-out>
</testsuite> <!-- neoStoxMVNTextClass1.ValidateNeoStoxUserNamePropertyFile -->
